2025-04-19T20:11:23.684+03:00  INFO 12404 --- [batchJob] [main] c.example.batchJob.BatchJobApplication   : Starting BatchJobApplication using Java 23.0.2 with PID 12404 (C:\Users\gouzh\OneDrive\Masaüstü\Github\batchJob\target\classes started by gouzh in C:\Users\gouzh\OneDrive\Masaüstü\Github\batchJob)
2025-04-19T20:11:23.686+03:00  INFO 12404 --- [batchJob] [main] c.example.batchJob.BatchJobApplication   : No active profile set, falling back to 1 default profile: "default"
2025-04-19T20:11:24.612+03:00  INFO 12404 --- [batchJob] [main] .s.d.r.c.RepositoryConfigurationDelegate : Multiple Spring Data modules found, entering strict repository configuration mode
2025-04-19T20:11:24.615+03:00  INFO 12404 --- [batchJob] [main] .s.d.r.c.RepositoryConfigurationDelegate : Bootstrapping Spring Data JPA repositories in DEFAULT mode.
2025-04-19T20:11:24.802+03:00  INFO 12404 --- [batchJob] [main] .s.d.r.c.RepositoryConfigurationDelegate : Finished Spring Data repository scanning in 176 ms. Found 1 JPA repository interface.
2025-04-19T20:11:24.830+03:00  INFO 12404 --- [batchJob] [main] .s.d.r.c.RepositoryConfigurationDelegate : Multiple Spring Data modules found, entering strict repository configuration mode
2025-04-19T20:11:24.832+03:00  INFO 12404 --- [batchJob] [main] .s.d.r.c.RepositoryConfigurationDelegate : Bootstrapping Spring Data Redis repositories in DEFAULT mode.
2025-04-19T20:11:24.851+03:00  INFO 12404 --- [batchJob] [main] .RepositoryConfigurationExtensionSupport : Spring Data Redis - Could not safely identify store assignment for repository candidate interface com.example.batchJob.repository.ApiDataFetchRepository; If you want this repository to be a Redis repository, consider annotating your entities with one of these annotations: org.springframework.data.redis.core.RedisHash (preferred), or consider extending one of the following types with your repository: org.springframework.data.keyvalue.repository.KeyValueRepository
2025-04-19T20:11:24.852+03:00  INFO 12404 --- [batchJob] [main] .s.d.r.c.RepositoryConfigurationDelegate : Finished Spring Data repository scanning in 5 ms. Found 0 Redis repository interfaces.
2025-04-19T20:11:25.499+03:00  INFO 12404 --- [batchJob] [main] o.s.b.w.embedded.tomcat.TomcatWebServer  : Tomcat initialized with port 8080 (http)
2025-04-19T20:11:25.516+03:00  INFO 12404 --- [batchJob] [main] o.apache.catalina.core.StandardService   : Starting service [Tomcat]
2025-04-19T20:11:25.516+03:00  INFO 12404 --- [batchJob] [main] o.apache.catalina.core.StandardEngine    : Starting Servlet engine: [Apache Tomcat/10.1.39]
2025-04-19T20:11:25.583+03:00  INFO 12404 --- [batchJob] [main] o.a.c.c.C.[Tomcat].[localhost].[/]       : Initializing Spring embedded WebApplicationContext
2025-04-19T20:11:25.584+03:00  INFO 12404 --- [batchJob] [main] w.s.c.ServletWebServerApplicationContext : Root WebApplicationContext: initialization completed in 1827 ms
2025-04-19T20:11:25.683+03:00  INFO 12404 --- [batchJob] [main] com.zaxxer.hikari.HikariDataSource       : HikariPool-1 - Starting...
2025-04-19T20:11:25.930+03:00  INFO 12404 --- [batchJob] [main] com.zaxxer.hikari.pool.HikariPool        : HikariPool-1 - Added connection org.postgresql.jdbc.PgConnection@46b2dcc5
2025-04-19T20:11:25.933+03:00  INFO 12404 --- [batchJob] [main] com.zaxxer.hikari.HikariDataSource       : HikariPool-1 - Start completed.
2025-04-19T20:11:26.263+03:00  INFO 12404 --- [batchJob] [main] o.hibernate.jpa.internal.util.LogHelper  : HHH000204: Processing PersistenceUnitInfo [name: default]
2025-04-19T20:11:26.371+03:00  INFO 12404 --- [batchJob] [main] org.hibernate.Version                    : HHH000412: Hibernate ORM core version 6.6.11.Final
2025-04-19T20:11:26.423+03:00  INFO 12404 --- [batchJob] [main] o.h.c.internal.RegionFactoryInitiator    : HHH000026: Second-level cache disabled
2025-04-19T20:11:26.925+03:00  INFO 12404 --- [batchJob] [main] o.s.o.j.p.SpringPersistenceUnitInfo      : No LoadTimeWeaver setup: ignoring JPA class transformer
2025-04-19T20:11:27.013+03:00  WARN 12404 --- [batchJob] [main] org.hibernate.orm.deprecation            : HHH90000025: PostgreSQLDialect does not need to be specified explicitly using 'hibernate.dialect' (remove the property setting and it will be selected by default)
2025-04-19T20:11:27.031+03:00  INFO 12404 --- [batchJob] [main] org.hibernate.orm.connections.pooling    : HHH10001005: Database info:
	Database JDBC URL [Connecting through datasource 'HikariDataSource (HikariPool-1)']
	Database driver: undefined/unknown
	Database version: 17.4
	Autocommit mode: undefined/unknown
	Isolation level: undefined/unknown
	Minimum pool size: undefined/unknown
	Maximum pool size: undefined/unknown
2025-04-19T20:11:28.185+03:00  INFO 12404 --- [batchJob] [main] o.h.e.t.j.p.i.JtaPlatformInitiator       : HHH000489: No JTA platform available (set 'hibernate.transaction.jta.platform' to enable JTA platform integration)
2025-04-19T20:11:28.272+03:00  INFO 12404 --- [batchJob] [main] j.LocalContainerEntityManagerFactoryBean : Initialized JPA EntityManagerFactory for persistence unit 'default'
2025-04-19T20:11:29.281+03:00  WARN 12404 --- [batchJob] [main] JpaBaseConfiguration$JpaWebConfiguration : spring.jpa.open-in-view is enabled by default. Therefore, database queries may be performed during view rendering. Explicitly configure spring.jpa.open-in-view to disable this warning
2025-04-19T20:11:29.807+03:00  INFO 12404 --- [batchJob] [main] org.quartz.impl.StdSchedulerFactory      : Using default implementation for ThreadExecutor
2025-04-19T20:11:29.828+03:00  INFO 12404 --- [batchJob] [main] org.quartz.core.SchedulerSignalerImpl    : Initialized Scheduler Signaller of type: class org.quartz.core.SchedulerSignalerImpl
2025-04-19T20:11:29.828+03:00  INFO 12404 --- [batchJob] [main] org.quartz.core.QuartzScheduler          : Quartz Scheduler v.2.3.2 created.
2025-04-19T20:11:29.832+03:00  INFO 12404 --- [batchJob] [main] o.s.s.quartz.LocalDataSourceJobStore     : Using db table-based data access locking (synchronization).
2025-04-19T20:11:29.835+03:00  INFO 12404 --- [batchJob] [main] o.s.s.quartz.LocalDataSourceJobStore     : JobStoreCMT initialized.
2025-04-19T20:11:29.836+03:00  INFO 12404 --- [batchJob] [main] org.quartz.core.QuartzScheduler          : Scheduler meta-data: Quartz Scheduler (v2.3.2) 'quartzScheduler' with instanceId 'Oğuzhan1745082689810'
  Scheduler class: 'org.quartz.core.QuartzScheduler' - running locally.
  NOT STARTED.
  Currently in standby mode.
  Number of jobs executed: 0
  Using thread pool 'org.quartz.simpl.SimpleThreadPool' - with 10 threads.
  Using job-store 'org.springframework.scheduling.quartz.LocalDataSourceJobStore' - which supports persistence. and is clustered.

2025-04-19T20:11:29.836+03:00  INFO 12404 --- [batchJob] [main] org.quartz.impl.StdSchedulerFactory      : Quartz scheduler 'quartzScheduler' initialized from an externally provided properties instance.
2025-04-19T20:11:29.836+03:00  INFO 12404 --- [batchJob] [main] org.quartz.impl.StdSchedulerFactory      : Quartz scheduler version: 2.3.2
2025-04-19T20:11:29.836+03:00  INFO 12404 --- [batchJob] [main] org.quartz.core.QuartzScheduler          : JobFactory set to: org.springframework.scheduling.quartz.SpringBeanJobFactory@12d33d7a
2025-04-19T20:11:29.958+03:00  INFO 12404 --- [batchJob] [main] o.s.b.w.embedded.tomcat.TomcatWebServer  : Tomcat started on port 8080 (http) with context path '/'
2025-04-19T20:11:29.961+03:00  INFO 12404 --- [batchJob] [main] o.s.s.quartz.SchedulerFactoryBean        : Starting Quartz Scheduler now
2025-04-19T20:11:29.971+03:00  INFO 12404 --- [batchJob] [main] org.quartz.core.QuartzScheduler          : Scheduler quartzScheduler_$_Oğuzhan1745082689810 started.
2025-04-19T20:11:29.978+03:00  INFO 12404 --- [batchJob] [main] c.example.batchJob.BatchJobApplication   : Started BatchJobApplication in 6.873 seconds (process running for 8.653)
2025-04-19T20:11:31.254+03:00  INFO 12404 --- [batchJob] [quartzScheduler_Worker-1] c.example.batchJob.job.ApiDataFetchJob   : Fetched API response: {
  "userId": 1,
  "id": 4,
  "title": "et porro tempora",
  "completed": true
}
2025-04-19T20:11:31.484+03:00  INFO 12404 --- [batchJob] [quartzScheduler_Worker-1] c.example.batchJob.job.ApiDataFetchJob   : No new data fetched
2025-04-19T20:11:39.302+03:00  INFO 12404 --- [batchJob] [quartzScheduler_Worker-2] c.example.batchJob.job.ApiDataFetchJob   : Fetched API response: {
  "userId": 1,
  "id": 4,
  "title": "et porro tempora",
  "completed": true
}
2025-04-19T20:11:39.306+03:00  INFO 12404 --- [batchJob] [quartzScheduler_Worker-2] c.example.batchJob.job.ApiDataFetchJob   : No new data fetched
2025-04-19T20:11:49.324+03:00  INFO 12404 --- [batchJob] [quartzScheduler_Worker-3] c.example.batchJob.job.ApiDataFetchJob   : Fetched API response: {
  "userId": 1,
  "id": 4,
  "title": "et porro tempora",
  "completed": true
}
2025-04-19T20:11:49.330+03:00  INFO 12404 --- [batchJob] [quartzScheduler_Worker-3] c.example.batchJob.job.ApiDataFetchJob   : No new data fetched
2025-04-19T20:11:59.311+03:00  INFO 12404 --- [batchJob] [quartzScheduler_Worker-4] c.example.batchJob.job.ApiDataFetchJob   : Fetched API response: {
  "userId": 1,
  "id": 4,
  "title": "et porro tempora",
  "completed": true
}
2025-04-19T20:11:59.315+03:00  INFO 12404 --- [batchJob] [quartzScheduler_Worker-4] c.example.batchJob.job.ApiDataFetchJob   : No new data fetched
2025-04-19T20:12:09.318+03:00  INFO 12404 --- [batchJob] [quartzScheduler_Worker-5] c.example.batchJob.job.ApiDataFetchJob   : Fetched API response: {
  "userId": 1,
  "id": 4,
  "title": "et porro tempora",
  "completed": true
}
2025-04-19T20:12:09.321+03:00  INFO 12404 --- [batchJob] [quartzScheduler_Worker-5] c.example.batchJob.job.ApiDataFetchJob   : No new data fetched
2025-04-19T20:12:19.322+03:00  INFO 12404 --- [batchJob] [quartzScheduler_Worker-6] c.example.batchJob.job.ApiDataFetchJob   : Fetched API response: {
  "userId": 1,
  "id": 4,
  "title": "et porro tempora",
  "completed": true
}
2025-04-19T20:12:19.329+03:00  INFO 12404 --- [batchJob] [quartzScheduler_Worker-6] c.example.batchJob.job.ApiDataFetchJob   : No new data fetched
2025-04-19T20:12:26.127+03:00  INFO 12404 --- [batchJob] [http-nio-8080-exec-1] o.a.c.c.C.[Tomcat].[localhost].[/]       : Initializing Spring DispatcherServlet 'dispatcherServlet'
2025-04-19T20:12:26.127+03:00  INFO 12404 --- [batchJob] [http-nio-8080-exec-1] o.s.web.servlet.DispatcherServlet        : Initializing Servlet 'dispatcherServlet'
2025-04-19T20:12:26.128+03:00  INFO 12404 --- [batchJob] [http-nio-8080-exec-1] o.s.web.servlet.DispatcherServlet        : Completed initialization in 1 ms
2025-04-19T20:12:26.741+03:00  INFO 12404 --- [batchJob] [http-nio-8080-exec-1] c.e.b.controller.ApiDataFetchController  : hasNewData flag from Redis: false
2025-04-19T20:12:26.832+03:00  INFO 12404 --- [batchJob] [http-nio-8080-exec-1] c.e.b.controller.ApiDataFetchController  : Cache updated and new data served from DB: ApiDataFetch(id=4, payload={
  "userId": 1,
  "id": 4,
  "title": "et porro tempora",
  "completed": true
}, fetchedAt=2025-04-19T04:59:43.532440)
2025-04-19T20:12:29.508+03:00  INFO 12404 --- [batchJob] [quartzScheduler_Worker-7] c.example.batchJob.job.ApiDataFetchJob   : Fetched API response: {
  "userId": 1,
  "id": 4,
  "title": "et porro tempora",
  "completed": true
}
2025-04-19T20:12:29.511+03:00  INFO 12404 --- [batchJob] [quartzScheduler_Worker-7] c.example.batchJob.job.ApiDataFetchJob   : No new data fetched
2025-04-19T20:12:39.319+03:00  INFO 12404 --- [batchJob] [quartzScheduler_Worker-8] c.example.batchJob.job.ApiDataFetchJob   : Fetched API response: {
  "userId": 1,
  "id": 4,
  "title": "et porro tempora",
  "completed": true
}
2025-04-19T20:12:39.322+03:00  INFO 12404 --- [batchJob] [quartzScheduler_Worker-8] c.example.batchJob.job.ApiDataFetchJob   : No new data fetched
2025-04-19T20:12:49.338+03:00  INFO 12404 --- [batchJob] [quartzScheduler_Worker-9] c.example.batchJob.job.ApiDataFetchJob   : Fetched API response: {
  "userId": 1,
  "id": 4,
  "title": "et porro tempora",
  "completed": true
}
2025-04-19T20:12:49.341+03:00  INFO 12404 --- [batchJob] [quartzScheduler_Worker-9] c.example.batchJob.job.ApiDataFetchJob   : No new data fetched
2025-04-19T20:12:59.316+03:00  INFO 12404 --- [batchJob] [quartzScheduler_Worker-10] c.example.batchJob.job.ApiDataFetchJob   : Fetched API response: {
  "userId": 1,
  "id": 4,
  "title": "et porro tempora",
  "completed": true
}
2025-04-19T20:12:59.322+03:00  INFO 12404 --- [batchJob] [quartzScheduler_Worker-10] c.example.batchJob.job.ApiDataFetchJob   : No new data fetched
2025-04-19T20:13:09.307+03:00  INFO 12404 --- [batchJob] [quartzScheduler_Worker-1] c.example.batchJob.job.ApiDataFetchJob   : Fetched API response: {
  "userId": 1,
  "id": 4,
  "title": "et porro tempora",
  "completed": true
}
2025-04-19T20:13:09.310+03:00  INFO 12404 --- [batchJob] [quartzScheduler_Worker-1] c.example.batchJob.job.ApiDataFetchJob   : No new data fetched
2025-04-19T20:13:19.297+03:00  INFO 12404 --- [batchJob] [quartzScheduler_Worker-2] c.example.batchJob.job.ApiDataFetchJob   : Fetched API response: {
  "userId": 1,
  "id": 4,
  "title": "et porro tempora",
  "completed": true
}
2025-04-19T20:13:19.301+03:00  INFO 12404 --- [batchJob] [quartzScheduler_Worker-2] c.example.batchJob.job.ApiDataFetchJob   : No new data fetched
2025-04-19T20:13:29.314+03:00  INFO 12404 --- [batchJob] [quartzScheduler_Worker-3] c.example.batchJob.job.ApiDataFetchJob   : Fetched API response: {
  "userId": 1,
  "id": 4,
  "title": "et porro tempora",
  "completed": true
}
2025-04-19T20:13:29.316+03:00  INFO 12404 --- [batchJob] [quartzScheduler_Worker-3] c.example.batchJob.job.ApiDataFetchJob   : No new data fetched
2025-04-19T20:13:40.593+03:00  INFO 12404 --- [batchJob] [quartzScheduler_Worker-4] c.example.batchJob.job.ApiDataFetchJob   : Fetched API response: {
  "userId": 1,
  "id": 4,
  "title": "et porro tempora",
  "completed": true
}
2025-04-19T20:13:40.599+03:00  INFO 12404 --- [batchJob] [quartzScheduler_Worker-4] c.example.batchJob.job.ApiDataFetchJob   : No new data fetched
2025-04-19T20:13:49.317+03:00  INFO 12404 --- [batchJob] [quartzScheduler_Worker-5] c.example.batchJob.job.ApiDataFetchJob   : Fetched API response: {
  "userId": 1,
  "id": 4,
  "title": "et porro tempora",
  "completed": true
}
2025-04-19T20:13:49.320+03:00  INFO 12404 --- [batchJob] [quartzScheduler_Worker-5] c.example.batchJob.job.ApiDataFetchJob   : No new data fetched
2025-04-19T20:13:59.302+03:00  INFO 12404 --- [batchJob] [quartzScheduler_Worker-6] c.example.batchJob.job.ApiDataFetchJob   : Fetched API response: {
  "userId": 1,
  "id": 4,
  "title": "et porro tempora",
  "completed": true
}
2025-04-19T20:13:59.305+03:00  INFO 12404 --- [batchJob] [quartzScheduler_Worker-6] c.example.batchJob.job.ApiDataFetchJob   : No new data fetched
2025-04-19T20:14:09.389+03:00  INFO 12404 --- [batchJob] [quartzScheduler_Worker-7] c.example.batchJob.job.ApiDataFetchJob   : Fetched API response: {
  "userId": 1,
  "id": 4,
  "title": "et porro tempora",
  "completed": true
}
2025-04-19T20:14:09.391+03:00  INFO 12404 --- [batchJob] [quartzScheduler_Worker-7] c.example.batchJob.job.ApiDataFetchJob   : No new data fetched
2025-04-19T20:14:19.312+03:00  INFO 12404 --- [batchJob] [quartzScheduler_Worker-8] c.example.batchJob.job.ApiDataFetchJob   : Fetched API response: {
  "userId": 1,
  "id": 4,
  "title": "et porro tempora",
  "completed": true
}
2025-04-19T20:14:19.316+03:00  INFO 12404 --- [batchJob] [quartzScheduler_Worker-8] c.example.batchJob.job.ApiDataFetchJob   : No new data fetched
2025-04-19T20:14:29.309+03:00  INFO 12404 --- [batchJob] [quartzScheduler_Worker-9] c.example.batchJob.job.ApiDataFetchJob   : Fetched API response: {
  "userId": 1,
  "id": 4,
  "title": "et porro tempora",
  "completed": true
}
2025-04-19T20:14:29.312+03:00  INFO 12404 --- [batchJob] [quartzScheduler_Worker-9] c.example.batchJob.job.ApiDataFetchJob   : No new data fetched
2025-04-19T20:14:39.310+03:00  INFO 12404 --- [batchJob] [quartzScheduler_Worker-10] c.example.batchJob.job.ApiDataFetchJob   : Fetched API response: {
  "userId": 1,
  "id": 4,
  "title": "et porro tempora",
  "completed": true
}
2025-04-19T20:14:39.313+03:00  INFO 12404 --- [batchJob] [quartzScheduler_Worker-10] c.example.batchJob.job.ApiDataFetchJob   : No new data fetched
2025-04-19T20:14:49.313+03:00  INFO 12404 --- [batchJob] [quartzScheduler_Worker-1] c.example.batchJob.job.ApiDataFetchJob   : Fetched API response: {
  "userId": 1,
  "id": 4,
  "title": "et porro tempora",
  "completed": true
}
2025-04-19T20:14:49.315+03:00  INFO 12404 --- [batchJob] [quartzScheduler_Worker-1] c.example.batchJob.job.ApiDataFetchJob   : No new data fetched
2025-04-19T20:14:59.299+03:00  INFO 12404 --- [batchJob] [quartzScheduler_Worker-2] c.example.batchJob.job.ApiDataFetchJob   : Fetched API response: {
  "userId": 1,
  "id": 4,
  "title": "et porro tempora",
  "completed": true
}
2025-04-19T20:14:59.301+03:00  INFO 12404 --- [batchJob] [quartzScheduler_Worker-2] c.example.batchJob.job.ApiDataFetchJob   : No new data fetched
2025-04-19T20:15:09.303+03:00  INFO 12404 --- [batchJob] [quartzScheduler_Worker-3] c.example.batchJob.job.ApiDataFetchJob   : Fetched API response: {
  "userId": 1,
  "id": 4,
  "title": "et porro tempora",
  "completed": true
}
2025-04-19T20:15:09.306+03:00  INFO 12404 --- [batchJob] [quartzScheduler_Worker-3] c.example.batchJob.job.ApiDataFetchJob   : No new data fetched
2025-04-19T20:15:19.300+03:00  INFO 12404 --- [batchJob] [quartzScheduler_Worker-4] c.example.batchJob.job.ApiDataFetchJob   : Fetched API response: {
  "userId": 1,
  "id": 4,
  "title": "et porro tempora",
  "completed": true
}
2025-04-19T20:15:19.302+03:00  INFO 12404 --- [batchJob] [quartzScheduler_Worker-4] c.example.batchJob.job.ApiDataFetchJob   : No new data fetched
2025-04-19T20:15:29.305+03:00  INFO 12404 --- [batchJob] [quartzScheduler_Worker-5] c.example.batchJob.job.ApiDataFetchJob   : Fetched API response: {
  "userId": 1,
  "id": 4,
  "title": "et porro tempora",
  "completed": true
}
2025-04-19T20:15:29.308+03:00  INFO 12404 --- [batchJob] [quartzScheduler_Worker-5] c.example.batchJob.job.ApiDataFetchJob   : No new data fetched
2025-04-19T20:15:39.305+03:00  INFO 12404 --- [batchJob] [quartzScheduler_Worker-6] c.example.batchJob.job.ApiDataFetchJob   : Fetched API response: {
  "userId": 1,
  "id": 4,
  "title": "et porro tempora",
  "completed": true
}
2025-04-19T20:15:39.308+03:00  INFO 12404 --- [batchJob] [quartzScheduler_Worker-6] c.example.batchJob.job.ApiDataFetchJob   : No new data fetched
2025-04-19T20:15:49.300+03:00  INFO 12404 --- [batchJob] [quartzScheduler_Worker-7] c.example.batchJob.job.ApiDataFetchJob   : Fetched API response: {
  "userId": 1,
  "id": 4,
  "title": "et porro tempora",
  "completed": true
}
2025-04-19T20:15:49.303+03:00  INFO 12404 --- [batchJob] [quartzScheduler_Worker-7] c.example.batchJob.job.ApiDataFetchJob   : No new data fetched
2025-04-19T20:15:54.977+03:00  INFO 12404 --- [batchJob] [SpringApplicationShutdownHook] org.quartz.core.QuartzScheduler          : Scheduler quartzScheduler_$_Oğuzhan1745082689810 paused.
2025-04-19T20:15:54.979+03:00  INFO 12404 --- [batchJob] [SpringApplicationShutdownHook] o.s.b.w.e.tomcat.GracefulShutdown        : Commencing graceful shutdown. Waiting for active requests to complete
2025-04-19T20:15:54.986+03:00  INFO 12404 --- [batchJob] [tomcat-shutdown] o.s.b.w.e.tomcat.GracefulShutdown        : Graceful shutdown complete
2025-04-19T20:15:55.003+03:00  INFO 12404 --- [batchJob] [SpringApplicationShutdownHook] o.s.s.quartz.SchedulerFactoryBean        : Shutting down Quartz Scheduler
2025-04-19T20:15:55.003+03:00  INFO 12404 --- [batchJob] [SpringApplicationShutdownHook] org.quartz.core.QuartzScheduler          : Scheduler quartzScheduler_$_Oğuzhan1745082689810 shutting down.
2025-04-19T20:15:55.003+03:00  INFO 12404 --- [batchJob] [SpringApplicationShutdownHook] org.quartz.core.QuartzScheduler          : Scheduler quartzScheduler_$_Oğuzhan1745082689810 paused.
2025-04-19T20:15:55.004+03:00  INFO 12404 --- [batchJob] [SpringApplicationShutdownHook] org.quartz.core.QuartzScheduler          : Scheduler quartzScheduler_$_Oğuzhan1745082689810 shutdown complete.
2025-04-19T20:15:55.012+03:00  INFO 12404 --- [batchJob] [SpringApplicationShutdownHook] j.LocalContainerEntityManagerFactoryBean : Closing JPA EntityManagerFactory for persistence unit 'default'
2025-04-19T20:15:55.015+03:00  INFO 12404 --- [batchJob] [SpringApplicationShutdownHook] com.zaxxer.hikari.HikariDataSource       : HikariPool-1 - Shutdown initiated...
2025-04-19T20:15:55.019+03:00  INFO 12404 --- [batchJob] [SpringApplicationShutdownHook] com.zaxxer.hikari.HikariDataSource       : HikariPool-1 - Shutdown completed.
